<?xml version="1.0" encoding="UTF-8"?>
<!-- Generated by org.testng.reporters.JUnitReportReporter -->
<testsuite hostname="DESKTOP-T1PL2IG" failures="0" tests="9" name="modulepackage.Pom_project.TC_0014_last_order_review" time="58.073" errors="0" timestamp="2025-07-08T08:26:56 IST" skipped="0">
  <testcase classname="modulepackage.Pom_project.TC_0014_last_order_review" name="hover_element" time="15.393">
    <system-out>
      <![CDATA[Hover on the element and click on sign in button]]>
    </system-out>
  </testcase> <!-- hover_element -->
  <testcase classname="modulepackage.Pom_project.TC_0014_last_order_review" name="enter_vaild_cred_and_validate_username" time="17.589">
    <system-out>
      <![CDATA[Enter vaild cred
verfiy the name of the login user]]>
    </system-out>
  </testcase> <!-- enter_vaild_cred_and_validate_username -->
  <testcase classname="modulepackage.Pom_project.TC_0014_last_order_review" name="navigat_to_order_page" time="11.989">
    <system-out>
      <![CDATA[navigate to order page and select year]]>
    </system-out>
  </testcase> <!-- navigat_to_order_page -->
  <testcase classname="modulepackage.Pom_project.TC_0014_last_order_review" name="select_product_review_first_element" time="3.139">
    <system-out>
      <![CDATA[past order is displayed or not and click it on write Product review]]>
    </system-out>
  </testcase> <!-- select_product_review_first_element -->
  <testcase classname="modulepackage.Pom_project.TC_0014_last_order_review" name="give_star_rating" time="1.441">
    <system-out>
      <![CDATA[past order is displayed or not and click it on write Product review]]>
    </system-out>
  </testcase> <!-- give_star_rating -->
  <testcase classname="modulepackage.Pom_project.TC_0014_last_order_review" name="Write_review_descrption" time="0.502">
    <system-out>
      <![CDATA[Enter review descrption]]>
    </system-out>
  </testcase> <!-- Write_review_descrption -->
  <testcase classname="modulepackage.Pom_project.TC_0014_last_order_review" name="Write_review_title" time="0.510">
    <system-out>
      <![CDATA[Enter review title]]>
    </system-out>
  </testcase> <!-- Write_review_title -->
  <testcase classname="modulepackage.Pom_project.TC_0014_last_order_review" name="Write_review_submit" time="2.397">
    <system-out>
      <![CDATA[Submit button is displayed or not]]>
    </system-out>
  </testcase> <!-- Write_review_submit -->
  <testcase classname="modulepackage.Pom_project.TC_0014_last_order_review" name="check_review_submitted_sucessfully" time="5.113">
    <system-out>
      <![CDATA[check_review_submitted_sucessfully]]>
    </system-out>
  </testcase> <!-- check_review_submitted_sucessfully -->
  <system-out>
    <![CDATA[Hover on the element and click on sign in button
Enter vaild cred
verfiy the name of the login user
navigate to order page and select year
past order is displayed or not and click it on write Product review
past order is displayed or not and click it on write Product review
Enter review descrption
Enter review title
Submit button is displayed or not
check_review_submitted_sucessfully]]>
  </system-out>
</testsuite> <!-- modulepackage.Pom_project.TC_0014_last_order_review -->
