<?xml version="1.0" encoding="UTF-8"?>
<!-- Generated by org.testng.reporters.JUnitReportReporter -->
<testsuite hostname="DESKTOP-T1PL2IG" failures="0" tests="2" name="modulepackage.Pom_project.TC_005_search_product" time="15.498" errors="0" timestamp="2025-07-08T09:26:34 IST" skipped="0">
  <testcase classname="modulepackage.Pom_project.TC_005_search_product" name="Search_Product_And_vaildate_Search_product" time="12.516">
    <system-out>
      <![CDATA[Search the product and validate the search product]]>
    </system-out>
  </testcase> <!-- Search_Product_And_vaildate_Search_product -->
  <testcase classname="modulepackage.Pom_project.TC_005_search_product" name="Vaildate_The_Count_Of_Search_Product" time="2.982">
    <system-out>
      <![CDATA[validate the search result count should be greater than 3]]>
    </system-out>
  </testcase> <!-- Vaildate_The_Count_Of_Search_Product -->
  <system-out>
    <![CDATA[Search the product and validate the search product
validate the search result count should be greater than 3]]>
  </system-out>
</testsuite> <!-- modulepackage.Pom_project.TC_005_search_product -->
